e:\2nd course\3rd sem\lp\course project\ped_2018 — копия\ped_2018\debug\ped_2018.pch
e:\2nd course\3rd sem\lp\course project\ped_2018 — копия\ped_2018\debug\vc141.pdb
e:\2nd course\3rd sem\lp\course project\ped_2018 — копия\ped_2018\debug\vc141.idb
e:\2nd course\3rd sem\lp\course project\ped_2018 — копия\ped_2018\debug\stdafx.obj
e:\2nd course\3rd sem\lp\course project\ped_2018 — копия\ped_2018\debug\error.obj
e:\2nd course\3rd sem\lp\course project\ped_2018 — копия\ped_2018\debug\fst.obj
e:\2nd course\3rd sem\lp\course project\ped_2018 — копия\ped_2018\debug\generation.obj
e:\2nd course\3rd sem\lp\course project\ped_2018 — копия\ped_2018\debug\grb.obj
e:\2nd course\3rd sem\lp\course project\ped_2018 — копия\ped_2018\debug\in.obj
e:\2nd course\3rd sem\lp\course project\ped_2018 — копия\ped_2018\debug\it.obj
e:\2nd course\3rd sem\lp\course project\ped_2018 — копия\ped_2018\debug\log.obj
e:\2nd course\3rd sem\lp\course project\ped_2018 — копия\ped_2018\debug\lt.obj
e:\2nd course\3rd sem\lp\course project\ped_2018 — копия\ped_2018\debug\mfst.obj
e:\2nd course\3rd sem\lp\course project\ped_2018 — копия\ped_2018\debug\parm.obj
e:\2nd course\3rd sem\lp\course project\ped_2018 — копия\ped_2018\debug\pn.obj
e:\2nd course\3rd sem\lp\course project\ped_2018 — копия\ped_2018\debug\lexanalize.obj
e:\2nd course\3rd sem\lp\course project\ped_2018 — копия\ped_2018\debug\ped_2018.obj
c:\users\catherine\desktop\ped_2018 —и — копия\ped_2018\debug\ped_2018.pch
c:\users\catherine\desktop\ped_2018 —и — копия\ped_2018\debug\vc141.pdb
c:\users\catherine\desktop\ped_2018 —и — копия\ped_2018\debug\vc141.idb
c:\users\catherine\desktop\ped_2018 —и — копия\ped_2018\debug\stdafx.obj
c:\users\catherine\desktop\ped_2018 —и — копия\ped_2018\debug\error.obj
c:\users\catherine\desktop\ped_2018 —и — копия\ped_2018\debug\fst.obj
c:\users\catherine\desktop\ped_2018 —и — копия\ped_2018\debug\generation.obj
c:\users\catherine\desktop\ped_2018 —и — копия\ped_2018\debug\grb.obj
c:\users\catherine\desktop\ped_2018 —и — копия\ped_2018\debug\in.obj
c:\users\catherine\desktop\ped_2018 —и — копия\ped_2018\debug\lexanalize.obj
c:\users\catherine\desktop\ped_2018 —и — копия\ped_2018\debug\log.obj
c:\users\catherine\desktop\ped_2018 —и — копия\ped_2018\debug\lt.obj
c:\users\catherine\desktop\ped_2018 —и — копия\ped_2018\debug\mfst.obj
c:\users\catherine\desktop\ped_2018 —и — копия\ped_2018\debug\parm.obj
c:\users\catherine\desktop\ped_2018 —и — копия\ped_2018\debug\ped_2018.obj
c:\users\catherine\desktop\ped_2018 —и — копия\ped_2018\debug\pn.obj
c:\users\catherine\desktop\ped_2018 —и — копия\ped_2018\debug\it.obj
c:\users\catherine\desktop\ped_2018 —и — копия\ped_2018\debug\graibachrules.obj
e:\2nd course\3rd sem\lp\course project\ped_2018 — копия\debug\ped_2018.ilk
e:\2nd course\3rd sem\lp\course project\ped_2018 — копия\debug\ped_2018.exe
e:\2nd course\3rd sem\lp\course project\ped_2018 — копия\debug\ped_2018.pdb
c:\users\catherine\desktop\ped_2018 —и — копия\debug\ped_2018.pdb
c:\users\catherine\desktop\ped_2018 —и — копия\ped_2018\debug\ped_2018.tlog\cl.command.1.tlog
c:\users\catherine\desktop\ped_2018 —и — копия\ped_2018\debug\ped_2018.tlog\cl.read.1.tlog
c:\users\catherine\desktop\ped_2018 —и — копия\ped_2018\debug\ped_2018.tlog\cl.write.1.tlog
c:\users\catherine\desktop\ped_2018 —и — копия\ped_2018\debug\ped_2018.tlog\link-cvtres.read.1.tlog
c:\users\catherine\desktop\ped_2018 —и — копия\ped_2018\debug\ped_2018.tlog\link-cvtres.write.1.tlog
c:\users\catherine\desktop\ped_2018 —и — копия\ped_2018\debug\ped_2018.tlog\link-rc.read.1.tlog
c:\users\catherine\desktop\ped_2018 —и — копия\ped_2018\debug\ped_2018.tlog\link-rc.write.1.tlog
c:\users\catherine\desktop\ped_2018 —и — копия\ped_2018\debug\ped_2018.tlog\link.11760-cvtres.read.1.tlog
c:\users\catherine\desktop\ped_2018 —и — копия\ped_2018\debug\ped_2018.tlog\link.11760-cvtres.write.1.tlog
c:\users\catherine\desktop\ped_2018 —и — копия\ped_2018\debug\ped_2018.tlog\link.11760-rc.read.1.tlog
c:\users\catherine\desktop\ped_2018 —и — копия\ped_2018\debug\ped_2018.tlog\link.11760-rc.write.1.tlog
c:\users\catherine\desktop\ped_2018 —и — копия\ped_2018\debug\ped_2018.tlog\link.11760.read.1.tlog
c:\users\catherine\desktop\ped_2018 —и — копия\ped_2018\debug\ped_2018.tlog\link.11760.write.1.tlog
c:\users\catherine\desktop\ped_2018 —и — копия\ped_2018\debug\ped_2018.tlog\link.command.1.tlog
c:\users\catherine\desktop\ped_2018 —и — копия\ped_2018\debug\ped_2018.tlog\link.read.1.tlog
c:\users\catherine\desktop\ped_2018 —и — копия\ped_2018\debug\ped_2018.tlog\link.write.1.tlog
